<?xml version="1.0" encoding="UTF-8"?>
<testng-results ignored="0" total="2" passed="2" failed="0" skipped="0">
  <reporter-output>
  </reporter-output>
  <suite started-at="2020-04-30T17:14:35Z" name="Default suite" finished-at="2020-04-30T17:16:13Z" duration-ms="97798">
    <groups>
    </groups>
    <test started-at="2020-04-30T17:14:35Z" name="Default test" finished-at="2020-04-30T17:16:13Z" duration-ms="97798">
      <class name="com.qa.keyword.test.LoginTest">
        <test-method signature="loginTest1()[pri:0, instance:com.qa.keyword.test.LoginTest@619713e5]" started-at="2020-04-30T17:14:35Z" name="loginTest1" finished-at="2020-04-30T17:15:56Z" duration-ms="80284" status="PASS">
          <reporter-output>
          </reporter-output>
        </test-method> <!-- loginTest1 -->
        <test-method signature="signupTest()[pri:0, instance:com.qa.keyword.test.LoginTest@619713e5]" started-at="2020-04-30T17:15:56Z" name="signupTest" finished-at="2020-04-30T17:16:13Z" duration-ms="17451" status="PASS">
          <reporter-output>
          </reporter-output>
        </test-method> <!-- signupTest -->
      </class> <!-- com.qa.keyword.test.LoginTest -->
    </test> <!-- Default test -->
  </suite> <!-- Default suite -->
</testng-results>
